<?xml version="1.0" encoding="UTF-8"?>
<!-- Generated by org.testng.reporters.JUnitReportReporter -->
<testsuite hostname="HariRaju-PC" failures="0" tests="3" name="dataproviders.BaseTest2" time="0.018" errors="0" timestamp="2025-01-19T12:13:10 IST" skipped="0">
  <testcase classname="dataproviders.BaseTest2" name="testLogi" time="0.014"/>
  <system-out/>
  <testcase classname="dataproviders.BaseTest2" name="testLogi" time="0.002"/>
  <system-out/>
  <testcase classname="dataproviders.BaseTest2" name="testLogi" time="0.002"/>
  <system-out/>
</testsuite> <!-- dataproviders.BaseTest2 -->
